2021-04-07 20:13:10 [ INFO ] [ org.springframework.web.context.ContextLoader ] Root WebApplicationContext: initialization started
2021-04-07 20:13:10 [ DEBUG ] [ org.springframework.web.context.support.XmlWebApplicationContext ] Refreshing Root WebApplicationContext
2021-04-07 20:13:11 [ DEBUG ] [ org.springframework.context.annotation.ClassPathBeanDefinitionScanner ] Identified candidate component class: file [G:\Users\56440\IdeaProjects\AIDustbinServer\target\AIDustbinServer\WEB-INF\classes\com\aurora\service\impl\CommentServiceImpl.class]
2021-04-07 20:13:11 [ DEBUG ] [ org.springframework.context.annotation.ClassPathBeanDefinitionScanner ] Identified candidate component class: file [G:\Users\56440\IdeaProjects\AIDustbinServer\target\AIDustbinServer\WEB-INF\classes\com\aurora\service\impl\MomentImageServiceImpl.class]
2021-04-07 20:13:11 [ DEBUG ] [ org.springframework.context.annotation.ClassPathBeanDefinitionScanner ] Identified candidate component class: file [G:\Users\56440\IdeaProjects\AIDustbinServer\target\AIDustbinServer\WEB-INF\classes\com\aurora\service\impl\MomentServiceImpl.class]
2021-04-07 20:13:11 [ DEBUG ] [ org.springframework.context.annotation.ClassPathBeanDefinitionScanner ] Identified candidate component class: file [G:\Users\56440\IdeaProjects\AIDustbinServer\target\AIDustbinServer\WEB-INF\classes\com\aurora\service\impl\MomentThumbRecordServiceImpl.class]
2021-04-07 20:13:11 [ DEBUG ] [ org.springframework.context.annotation.ClassPathBeanDefinitionScanner ] Identified candidate component class: file [G:\Users\56440\IdeaProjects\AIDustbinServer\target\AIDustbinServer\WEB-INF\classes\com\aurora\service\impl\QNARecordServiceImpl.class]
2021-04-07 20:13:11 [ DEBUG ] [ org.springframework.context.annotation.ClassPathBeanDefinitionScanner ] Identified candidate component class: file [G:\Users\56440\IdeaProjects\AIDustbinServer\target\AIDustbinServer\WEB-INF\classes\com\aurora\service\impl\QNAServiceImpl.class]
2021-04-07 20:13:11 [ DEBUG ] [ org.springframework.context.annotation.ClassPathBeanDefinitionScanner ] Identified candidate component class: file [G:\Users\56440\IdeaProjects\AIDustbinServer\target\AIDustbinServer\WEB-INF\classes\com\aurora\service\impl\UserServiceImpl.class]
2021-04-07 20:13:11 [ DEBUG ] [ org.springframework.context.annotation.ClassPathBeanDefinitionScanner ] Identified candidate component class: file [G:\Users\56440\IdeaProjects\AIDustbinServer\target\AIDustbinServer\WEB-INF\classes\com\aurora\service\impl\WasteTypeServiceImpl.class]
2021-04-07 20:13:11 [ DEBUG ] [ org.springframework.beans.factory.xml.XmlBeanDefinitionReader ] Loaded 39 bean definitions from class path resource [conf/spring-mybatis.xml]
2021-04-07 20:13:11 [ DEBUG ] [ org.springframework.beans.factory.support.DefaultListableBeanFactory ] Creating shared instance of singleton bean 'org.springframework.context.annotation.internalConfigurationAnnotationProcessor'
2021-04-07 20:13:12 [ DEBUG ] [ org.springframework.beans.factory.support.DefaultListableBeanFactory ] Creating shared instance of singleton bean 'org.mybatis.spring.mapper.MapperScannerConfigurer#0'
2021-04-07 20:13:12 [ DEBUG ] [ org.mybatis.spring.mapper.ClassPathMapperScanner ] Identified candidate component class: file [G:\Users\56440\IdeaProjects\AIDustbinServer\target\AIDustbinServer\WEB-INF\classes\com\aurora\dao\CommentMapper.class]
2021-04-07 20:13:12 [ DEBUG ] [ org.mybatis.spring.mapper.ClassPathMapperScanner ] Identified candidate component class: file [G:\Users\56440\IdeaProjects\AIDustbinServer\target\AIDustbinServer\WEB-INF\classes\com\aurora\dao\DustbinInfoMapper.class]
2021-04-07 20:13:12 [ DEBUG ] [ org.mybatis.spring.mapper.ClassPathMapperScanner ] Identified candidate component class: file [G:\Users\56440\IdeaProjects\AIDustbinServer\target\AIDustbinServer\WEB-INF\classes\com\aurora\dao\MomentImageMapper.class]
2021-04-07 20:13:12 [ DEBUG ] [ org.mybatis.spring.mapper.ClassPathMapperScanner ] Identified candidate component class: file [G:\Users\56440\IdeaProjects\AIDustbinServer\target\AIDustbinServer\WEB-INF\classes\com\aurora\dao\MomentMapper.class]
2021-04-07 20:13:12 [ DEBUG ] [ org.mybatis.spring.mapper.ClassPathMapperScanner ] Identified candidate component class: file [G:\Users\56440\IdeaProjects\AIDustbinServer\target\AIDustbinServer\WEB-INF\classes\com\aurora\dao\MomentThumbRecordMapper.class]
2021-04-07 20:13:12 [ DEBUG ] [ org.mybatis.spring.mapper.ClassPathMapperScanner ] Identified candidate component class: file [G:\Users\56440\IdeaProjects\AIDustbinServer\target\AIDustbinServer\WEB-INF\classes\com\aurora\dao\QNAMapper.class]
2021-04-07 20:13:12 [ DEBUG ] [ org.mybatis.spring.mapper.ClassPathMapperScanner ] Identified candidate component class: file [G:\Users\56440\IdeaProjects\AIDustbinServer\target\AIDustbinServer\WEB-INF\classes\com\aurora\dao\QNARecordMapper.class]
2021-04-07 20:13:12 [ DEBUG ] [ org.mybatis.spring.mapper.ClassPathMapperScanner ] Identified candidate component class: file [G:\Users\56440\IdeaProjects\AIDustbinServer\target\AIDustbinServer\WEB-INF\classes\com\aurora\dao\ReplyMapper.class]
2021-04-07 20:13:12 [ DEBUG ] [ org.mybatis.spring.mapper.ClassPathMapperScanner ] Identified candidate component class: file [G:\Users\56440\IdeaProjects\AIDustbinServer\target\AIDustbinServer\WEB-INF\classes\com\aurora\dao\UserMapper.class]
2021-04-07 20:13:12 [ DEBUG ] [ org.mybatis.spring.mapper.ClassPathMapperScanner ] Identified candidate component class: file [G:\Users\56440\IdeaProjects\AIDustbinServer\target\AIDustbinServer\WEB-INF\classes\com\aurora\dao\WasteTypeMapper.class]
2021-04-07 20:13:12 [ DEBUG ] [ org.mybatis.spring.mapper.ClassPathMapperScanner ] Creating MapperFactoryBean with name 'commentMapper' and 'com.aurora.dao.CommentMapper' mapperInterface
2021-04-07 20:13:12 [ DEBUG ] [ org.mybatis.spring.mapper.ClassPathMapperScanner ] Creating MapperFactoryBean with name 'dustbinInfoMapper' and 'com.aurora.dao.DustbinInfoMapper' mapperInterface
2021-04-07 20:13:12 [ DEBUG ] [ org.mybatis.spring.mapper.ClassPathMapperScanner ] Creating MapperFactoryBean with name 'momentImageMapper' and 'com.aurora.dao.MomentImageMapper' mapperInterface
2021-04-07 20:13:12 [ DEBUG ] [ org.mybatis.spring.mapper.ClassPathMapperScanner ] Creating MapperFactoryBean with name 'momentMapper' and 'com.aurora.dao.MomentMapper' mapperInterface
2021-04-07 20:13:12 [ DEBUG ] [ org.mybatis.spring.mapper.ClassPathMapperScanner ] Creating MapperFactoryBean with name 'momentThumbRecordMapper' and 'com.aurora.dao.MomentThumbRecordMapper' mapperInterface
2021-04-07 20:13:12 [ DEBUG ] [ org.mybatis.spring.mapper.ClassPathMapperScanner ] Creating MapperFactoryBean with name 'QNAMapper' and 'com.aurora.dao.QNAMapper' mapperInterface
2021-04-07 20:13:12 [ DEBUG ] [ org.mybatis.spring.mapper.ClassPathMapperScanner ] Creating MapperFactoryBean with name 'QNARecordMapper' and 'com.aurora.dao.QNARecordMapper' mapperInterface
2021-04-07 20:13:12 [ DEBUG ] [ org.mybatis.spring.mapper.ClassPathMapperScanner ] Creating MapperFactoryBean with name 'replyMapper' and 'com.aurora.dao.ReplyMapper' mapperInterface
2021-04-07 20:13:12 [ DEBUG ] [ org.mybatis.spring.mapper.ClassPathMapperScanner ] Creating MapperFactoryBean with name 'userMapper' and 'com.aurora.dao.UserMapper' mapperInterface
2021-04-07 20:13:12 [ DEBUG ] [ org.mybatis.spring.mapper.ClassPathMapperScanner ] Creating MapperFactoryBean with name 'wasteTypeMapper' and 'com.aurora.dao.WasteTypeMapper' mapperInterface
2021-04-07 20:13:12 [ DEBUG ] [ org.springframework.beans.factory.support.DefaultListableBeanFactory ] Creating shared instance of singleton bean 'org.springframework.context.support.PropertySourcesPlaceholderConfigurer#0'
2021-04-07 20:13:12 [ DEBUG ] [ org.springframework.jndi.JndiTemplate ] Looking up JNDI object with name [java:comp/env/jdbc.driver]
2021-04-07 20:13:12 [ DEBUG ] [ org.springframework.jndi.JndiLocatorDelegate ] Converted JNDI name [java:comp/env/jdbc.driver] not found - trying original name [jdbc.driver]. javax.naming.NameNotFoundException: 名称[jdbc.driver]未在此上下文中绑定。找不到[jdbc.driver]。
2021-04-07 20:13:12 [ DEBUG ] [ org.springframework.jndi.JndiTemplate ] Looking up JNDI object with name [jdbc.driver]
2021-04-07 20:13:12 [ DEBUG ] [ org.springframework.jndi.JndiPropertySource ] JNDI lookup for name [jdbc.driver] threw NamingException with message: 名称[jdbc.driver]未在此上下文中绑定。找不到[jdbc.driver]。. Returning null.
2021-04-07 20:13:12 [ DEBUG ] [ org.springframework.core.env.PropertySourcesPropertyResolver ] Found key 'jdbc.driver' in PropertySource 'localProperties' with value of type String
2021-04-07 20:13:12 [ DEBUG ] [ org.springframework.jndi.JndiTemplate ] Looking up JNDI object with name [java:comp/env/jdbc.url]
2021-04-07 20:13:12 [ DEBUG ] [ org.springframework.jndi.JndiLocatorDelegate ] Converted JNDI name [java:comp/env/jdbc.url] not found - trying original name [jdbc.url]. javax.naming.NameNotFoundException: 名称[jdbc.url]未在此上下文中绑定。找不到[jdbc.url]。
2021-04-07 20:13:12 [ DEBUG ] [ org.springframework.jndi.JndiTemplate ] Looking up JNDI object with name [jdbc.url]
2021-04-07 20:13:12 [ DEBUG ] [ org.springframework.jndi.JndiPropertySource ] JNDI lookup for name [jdbc.url] threw NamingException with message: 名称[jdbc.url]未在此上下文中绑定。找不到[jdbc.url]。. Returning null.
2021-04-07 20:13:12 [ DEBUG ] [ org.springframework.core.env.PropertySourcesPropertyResolver ] Found key 'jdbc.url' in PropertySource 'localProperties' with value of type String
2021-04-07 20:13:12 [ DEBUG ] [ org.springframework.jndi.JndiTemplate ] Looking up JNDI object with name [java:comp/env/jdbc.username]
2021-04-07 20:13:12 [ DEBUG ] [ org.springframework.jndi.JndiLocatorDelegate ] Converted JNDI name [java:comp/env/jdbc.username] not found - trying original name [jdbc.username]. javax.naming.NameNotFoundException: 名称[jdbc.username]未在此上下文中绑定。找不到[jdbc.username]。
2021-04-07 20:13:12 [ DEBUG ] [ org.springframework.jndi.JndiTemplate ] Looking up JNDI object with name [jdbc.username]
2021-04-07 20:13:12 [ DEBUG ] [ org.springframework.jndi.JndiPropertySource ] JNDI lookup for name [jdbc.username] threw NamingException with message: 名称[jdbc.username]未在此上下文中绑定。找不到[jdbc.username]。. Returning null.
2021-04-07 20:13:12 [ DEBUG ] [ org.springframework.core.env.PropertySourcesPropertyResolver ] Found key 'jdbc.username' in PropertySource 'localProperties' with value of type String
2021-04-07 20:13:12 [ DEBUG ] [ org.springframework.jndi.JndiTemplate ] Looking up JNDI object with name [java:comp/env/jdbc.password]
2021-04-07 20:13:12 [ DEBUG ] [ org.springframework.jndi.JndiLocatorDelegate ] Converted JNDI name [java:comp/env/jdbc.password] not found - trying original name [jdbc.password]. javax.naming.NameNotFoundException: 名称[jdbc.password]未在此上下文中绑定。找不到[jdbc.password]。
2021-04-07 20:13:12 [ DEBUG ] [ org.springframework.jndi.JndiTemplate ] Looking up JNDI object with name [jdbc.password]
2021-04-07 20:13:12 [ DEBUG ] [ org.springframework.jndi.JndiPropertySource ] JNDI lookup for name [jdbc.password] threw NamingException with message: 名称[jdbc.password]未在此上下文中绑定。找不到[jdbc.password]。. Returning null.
2021-04-07 20:13:12 [ DEBUG ] [ org.springframework.core.env.PropertySourcesPropertyResolver ] Found key 'jdbc.password' in PropertySource 'localProperties' with value of type String
2021-04-07 20:13:12 [ DEBUG ] [ org.springframework.beans.factory.support.DefaultListableBeanFactory ] Creating shared instance of singleton bean 'org.springframework.context.event.internalEventListenerProcessor'
2021-04-07 20:13:12 [ DEBUG ] [ org.springframework.beans.factory.support.DefaultListableBeanFactory ] Creating shared instance of singleton bean 'org.springframework.context.event.internalEventListenerFactory'
2021-04-07 20:13:12 [ DEBUG ] [ org.springframework.beans.factory.support.DefaultListableBeanFactory ] Creating shared instance of singleton bean 'org.springframework.context.annotation.internalAutowiredAnnotationProcessor'
2021-04-07 20:13:12 [ DEBUG ] [ org.springframework.beans.factory.support.DefaultListableBeanFactory ] Creating shared instance of singleton bean 'org.springframework.context.annotation.internalCommonAnnotationProcessor'
2021-04-07 20:13:12 [ DEBUG ] [ org.springframework.beans.factory.support.DefaultListableBeanFactory ] Creating shared instance of singleton bean 'org.springframework.aop.config.internalAutoProxyCreator'
2021-04-07 20:13:12 [ DEBUG ] [ org.springframework.ui.context.support.UiApplicationContextUtils ] Unable to locate ThemeSource with name 'themeSource': using default [org.springframework.ui.context.support.ResourceBundleThemeSource@4c02ac5a]
2021-04-07 20:13:12 [ DEBUG ] [ org.springframework.beans.factory.support.DefaultListableBeanFactory ] Creating shared instance of singleton bean 'commentServiceImpl'
2021-04-07 20:13:12 [ DEBUG ] [ org.springframework.beans.factory.support.DefaultListableBeanFactory ] Creating shared instance of singleton bean 'org.springframework.aop.support.DefaultBeanFactoryPointcutAdvisor#0'
2021-04-07 20:13:12 [ DEBUG ] [ org.apache.ibatis.logging.LogFactory ] Logging initialized using 'class org.apache.ibatis.logging.slf4j.Slf4jImpl' adapter.
2021-04-07 20:13:12 [ DEBUG ] [ org.springframework.beans.factory.support.DefaultListableBeanFactory ] Creating shared instance of singleton bean 'commentMapper'
2021-04-07 20:13:12 [ DEBUG ] [ org.springframework.beans.factory.support.DefaultListableBeanFactory ] Creating shared instance of singleton bean 'sqlSessionFactory'
2021-04-07 20:13:12 [ DEBUG ] [ org.springframework.beans.factory.support.DefaultListableBeanFactory ] Creating shared instance of singleton bean 'dataSource'
2021-04-07 20:13:13 [ DEBUG ] [ org.mybatis.spring.SqlSessionFactoryBean ] Property 'configuration' or 'configLocation' not specified, using default MyBatis Configuration
2021-04-07 20:13:13 [ DEBUG ] [ org.mybatis.spring.SqlSessionFactoryBean ] Parsed mapper file: 'file [G:\Users\56440\IdeaProjects\AIDustbinServer\target\AIDustbinServer\WEB-INF\classes\mapper\CommentMapper.xml]'
2021-04-07 20:13:13 [ DEBUG ] [ org.mybatis.spring.SqlSessionFactoryBean ] Parsed mapper file: 'file [G:\Users\56440\IdeaProjects\AIDustbinServer\target\AIDustbinServer\WEB-INF\classes\mapper\DustbinInfoMapper.xml]'
2021-04-07 20:13:13 [ DEBUG ] [ org.mybatis.spring.SqlSessionFactoryBean ] Parsed mapper file: 'file [G:\Users\56440\IdeaProjects\AIDustbinServer\target\AIDustbinServer\WEB-INF\classes\mapper\MomentImageMapper.xml]'
2021-04-07 20:13:13 [ DEBUG ] [ org.mybatis.spring.SqlSessionFactoryBean ] Parsed mapper file: 'file [G:\Users\56440\IdeaProjects\AIDustbinServer\target\AIDustbinServer\WEB-INF\classes\mapper\MomentMapper.xml]'
2021-04-07 20:13:13 [ DEBUG ] [ org.mybatis.spring.SqlSessionFactoryBean ] Parsed mapper file: 'file [G:\Users\56440\IdeaProjects\AIDustbinServer\target\AIDustbinServer\WEB-INF\classes\mapper\MomentThumbRecordMapper.xml]'
2021-04-07 20:13:13 [ DEBUG ] [ org.mybatis.spring.SqlSessionFactoryBean ] Parsed mapper file: 'file [G:\Users\56440\IdeaProjects\AIDustbinServer\target\AIDustbinServer\WEB-INF\classes\mapper\QNAMapper.xml]'
2021-04-07 20:13:14 [ DEBUG ] [ org.mybatis.spring.SqlSessionFactoryBean ] Parsed mapper file: 'file [G:\Users\56440\IdeaProjects\AIDustbinServer\target\AIDustbinServer\WEB-INF\classes\mapper\QNARecordMapper.xml]'
2021-04-07 20:13:14 [ DEBUG ] [ org.mybatis.spring.SqlSessionFactoryBean ] Parsed mapper file: 'file [G:\Users\56440\IdeaProjects\AIDustbinServer\target\AIDustbinServer\WEB-INF\classes\mapper\ReplyMapper.xml]'
2021-04-07 20:13:14 [ DEBUG ] [ org.mybatis.spring.SqlSessionFactoryBean ] Parsed mapper file: 'file [G:\Users\56440\IdeaProjects\AIDustbinServer\target\AIDustbinServer\WEB-INF\classes\mapper\UserMapper.xml]'
2021-04-07 20:13:14 [ DEBUG ] [ org.mybatis.spring.SqlSessionFactoryBean ] Parsed mapper file: 'file [G:\Users\56440\IdeaProjects\AIDustbinServer\target\AIDustbinServer\WEB-INF\classes\mapper\WasteTypeMapper.xml]'
2021-04-07 20:13:14 [ DEBUG ] [ org.springframework.beans.factory.support.DefaultListableBeanFactory ] Creating shared instance of singleton bean 'txAdvice'
2021-04-07 20:13:14 [ DEBUG ] [ org.springframework.beans.factory.support.DefaultListableBeanFactory ] Creating shared instance of singleton bean 'transactionManager'
2021-04-07 20:13:14 [ DEBUG ] [ org.springframework.transaction.interceptor.NameMatchTransactionAttributeSource ] Adding transactional method [register] with attribute [PROPAGATION_REQUIRED,ISOLATION_DEFAULT,-java.lang.Exception]
2021-04-07 20:13:14 [ DEBUG ] [ org.springframework.transaction.interceptor.NameMatchTransactionAttributeSource ] Adding transactional method [save*] with attribute [PROPAGATION_REQUIRED,ISOLATION_DEFAULT,-java.lang.Exception]
2021-04-07 20:13:14 [ DEBUG ] [ org.springframework.transaction.interceptor.NameMatchTransactionAttributeSource ] Adding transactional method [insert*] with attribute [PROPAGATION_REQUIRED,ISOLATION_DEFAULT,-java.lang.Exception]
2021-04-07 20:13:14 [ DEBUG ] [ org.springframework.transaction.interceptor.NameMatchTransactionAttributeSource ] Adding transactional method [add*] with attribute [PROPAGATION_REQUIRED,ISOLATION_DEFAULT,-java.lang.Exception]
2021-04-07 20:13:14 [ DEBUG ] [ org.springframework.transaction.interceptor.NameMatchTransactionAttributeSource ] Adding transactional method [create*] with attribute [PROPAGATION_REQUIRED,ISOLATION_DEFAULT,-java.lang.Exception]
2021-04-07 20:13:14 [ DEBUG ] [ org.springframework.transaction.interceptor.NameMatchTransactionAttributeSource ] Adding transactional method [delete*] with attribute [PROPAGATION_REQUIRED,ISOLATION_DEFAULT,-java.lang.Exception]
2021-04-07 20:13:14 [ DEBUG ] [ org.springframework.transaction.interceptor.NameMatchTransactionAttributeSource ] Adding transactional method [update*] with attribute [PROPAGATION_REQUIRED,ISOLATION_DEFAULT,-java.lang.Exception]
2021-04-07 20:13:14 [ DEBUG ] [ org.springframework.transaction.interceptor.NameMatchTransactionAttributeSource ] Adding transactional method [find*] with attribute [PROPAGATION_SUPPORTS,ISOLATION_DEFAULT,readOnly]
2021-04-07 20:13:14 [ DEBUG ] [ org.springframework.transaction.interceptor.NameMatchTransactionAttributeSource ] Adding transactional method [select*] with attribute [PROPAGATION_SUPPORTS,ISOLATION_DEFAULT,readOnly]
2021-04-07 20:13:14 [ DEBUG ] [ org.springframework.transaction.interceptor.NameMatchTransactionAttributeSource ] Adding transactional method [get*] with attribute [PROPAGATION_SUPPORTS,ISOLATION_DEFAULT,readOnly]
2021-04-07 20:13:14 [ DEBUG ] [ org.springframework.transaction.interceptor.NameMatchTransactionAttributeSource ] Adding transactional method [login] with attribute [PROPAGATION_SUPPORTS,ISOLATION_DEFAULT,readOnly]
2021-04-07 20:13:14 [ DEBUG ] [ org.springframework.beans.factory.support.DefaultListableBeanFactory ] Creating shared instance of singleton bean 'momentImageServiceImpl'
2021-04-07 20:13:14 [ DEBUG ] [ org.springframework.beans.factory.support.DefaultListableBeanFactory ] Creating shared instance of singleton bean 'momentImageMapper'
2021-04-07 20:13:14 [ DEBUG ] [ org.springframework.beans.factory.support.DefaultListableBeanFactory ] Creating shared instance of singleton bean 'momentServiceImpl'
2021-04-07 20:13:14 [ DEBUG ] [ org.springframework.beans.factory.support.DefaultListableBeanFactory ] Creating shared instance of singleton bean 'momentMapper'
2021-04-07 20:13:14 [ DEBUG ] [ org.springframework.beans.factory.support.DefaultListableBeanFactory ] Creating shared instance of singleton bean 'momentThumbRecordServiceImpl'
2021-04-07 20:13:14 [ DEBUG ] [ org.springframework.beans.factory.support.DefaultListableBeanFactory ] Creating shared instance of singleton bean 'momentThumbRecordMapper'
2021-04-07 20:13:14 [ DEBUG ] [ org.springframework.beans.factory.support.DefaultListableBeanFactory ] Creating shared instance of singleton bean 'QNARecordServiceImpl'
2021-04-07 20:13:14 [ DEBUG ] [ org.springframework.beans.factory.support.DefaultListableBeanFactory ] Creating shared instance of singleton bean 'QNARecordMapper'
2021-04-07 20:13:14 [ DEBUG ] [ org.springframework.beans.factory.support.DefaultListableBeanFactory ] Creating shared instance of singleton bean 'QNAServiceImpl'
2021-04-07 20:13:14 [ DEBUG ] [ org.springframework.beans.factory.support.DefaultListableBeanFactory ] Creating shared instance of singleton bean 'QNAMapper'
2021-04-07 20:13:14 [ DEBUG ] [ org.springframework.beans.factory.support.DefaultListableBeanFactory ] Creating shared instance of singleton bean 'userServiceImpl'
2021-04-07 20:13:14 [ DEBUG ] [ org.springframework.beans.factory.support.DefaultListableBeanFactory ] Creating shared instance of singleton bean 'userMapper'
2021-04-07 20:13:14 [ DEBUG ] [ org.springframework.beans.factory.support.DefaultListableBeanFactory ] Creating shared instance of singleton bean 'wasteTypeServiceImpl'
2021-04-07 20:13:14 [ DEBUG ] [ org.springframework.beans.factory.support.DefaultListableBeanFactory ] Creating shared instance of singleton bean 'wasteTypeMapper'
2021-04-07 20:13:14 [ DEBUG ] [ org.springframework.beans.factory.support.DefaultListableBeanFactory ] Creating shared instance of singleton bean 'mvcContentNegotiationManager'
2021-04-07 20:13:14 [ DEBUG ] [ org.springframework.beans.factory.support.DefaultListableBeanFactory ] Creating shared instance of singleton bean 'org.springframework.web.servlet.mvc.method.annotation.RequestMappingHandlerMapping'
2021-04-07 20:13:14 [ DEBUG ] [ org.springframework.beans.factory.support.DefaultListableBeanFactory ] Creating shared instance of singleton bean 'mvcCorsConfigurations'
2021-04-07 20:13:14 [ DEBUG ] [ org.springframework.beans.factory.support.DefaultListableBeanFactory ] Creating shared instance of singleton bean 'org.springframework.web.servlet.handler.MappedInterceptor#0'
2021-04-07 20:13:14 [ DEBUG ] [ org.springframework.beans.factory.support.DefaultListableBeanFactory ] Creating shared instance of singleton bean 'org.springframework.format.support.FormattingConversionServiceFactoryBean#0'
2021-04-07 20:13:14 [ DEBUG ] [ org.springframework.beans.factory.support.DefaultListableBeanFactory ] Creating shared instance of singleton bean 'org.springframework.web.servlet.mvc.method.annotation.RequestMappingHandlerAdapter'
2021-04-07 20:13:15 [ DEBUG ] [ org.springframework.web.servlet.mvc.method.annotation.RequestMappingHandlerAdapter ] ControllerAdvice beans: 0 @ModelAttribute, 0 @InitBinder, 1 RequestBodyAdvice, 1 ResponseBodyAdvice
2021-04-07 20:13:16 [ DEBUG ] [ org.springframework.beans.factory.support.DefaultListableBeanFactory ] Creating shared instance of singleton bean 'mvcUriComponentsContributor'
2021-04-07 20:13:16 [ DEBUG ] [ org.springframework.web.servlet.mvc.method.annotation.RequestMappingHandlerAdapter ] ControllerAdvice beans: 0 @ModelAttribute, 0 @InitBinder, 1 RequestBodyAdvice, 1 ResponseBodyAdvice
2021-04-07 20:13:16 [ DEBUG ] [ org.springframework.beans.factory.support.DefaultListableBeanFactory ] Creating shared instance of singleton bean 'org.springframework.web.servlet.mvc.method.annotation.ExceptionHandlerExceptionResolver#0'
2021-04-07 20:13:16 [ DEBUG ] [ org.springframework.web.servlet.mvc.method.annotation.ExceptionHandlerExceptionResolver ] ControllerAdvice beans: 0 @ExceptionHandler, 1 ResponseBodyAdvice
2021-04-07 20:13:16 [ DEBUG ] [ org.springframework.beans.factory.support.DefaultListableBeanFactory ] Creating shared instance of singleton bean 'org.springframework.web.servlet.mvc.annotation.ResponseStatusExceptionResolver#0'
2021-04-07 20:13:16 [ DEBUG ] [ org.springframework.beans.factory.support.DefaultListableBeanFactory ] Creating shared instance of singleton bean 'org.springframework.web.servlet.mvc.support.DefaultHandlerExceptionResolver#0'
2021-04-07 20:13:16 [ DEBUG ] [ org.springframework.beans.factory.support.DefaultListableBeanFactory ] Creating shared instance of singleton bean 'org.springframework.web.servlet.handler.BeanNameUrlHandlerMapping'
2021-04-07 20:13:16 [ DEBUG ] [ _org.springframework.web.servlet.HandlerMapping.Mappings ] 'org.springframework.web.servlet.handler.BeanNameUrlHandlerMapping' {}
2021-04-07 20:13:16 [ DEBUG ] [ org.springframework.beans.factory.support.DefaultListableBeanFactory ] Creating shared instance of singleton bean 'org.springframework.web.servlet.mvc.HttpRequestHandlerAdapter'
2021-04-07 20:13:16 [ DEBUG ] [ org.springframework.beans.factory.support.DefaultListableBeanFactory ] Creating shared instance of singleton bean 'org.springframework.web.servlet.mvc.SimpleControllerHandlerAdapter'
2021-04-07 20:13:16 [ DEBUG ] [ org.springframework.beans.factory.support.DefaultListableBeanFactory ] Creating shared instance of singleton bean 'localeResolver'
2021-04-07 20:13:16 [ DEBUG ] [ org.springframework.beans.factory.support.DefaultListableBeanFactory ] Creating shared instance of singleton bean 'themeResolver'
2021-04-07 20:13:16 [ DEBUG ] [ org.springframework.beans.factory.support.DefaultListableBeanFactory ] Creating shared instance of singleton bean 'viewNameTranslator'
2021-04-07 20:13:16 [ DEBUG ] [ org.springframework.beans.factory.support.DefaultListableBeanFactory ] Creating shared instance of singleton bean 'flashMapManager'
2021-04-07 20:13:16 [ DEBUG ] [ org.springframework.beans.factory.support.DefaultListableBeanFactory ] Creating shared instance of singleton bean 'dustbinInfoMapper'
2021-04-07 20:13:16 [ DEBUG ] [ org.springframework.beans.factory.support.DefaultListableBeanFactory ] Creating shared instance of singleton bean 'replyMapper'
2021-04-07 20:13:16 [ DEBUG ] [ org.springframework.jndi.JndiTemplate ] Looking up JNDI object with name [java:comp/env/spring.liveBeansView.mbeanDomain]
2021-04-07 20:13:16 [ DEBUG ] [ org.springframework.jndi.JndiLocatorDelegate ] Converted JNDI name [java:comp/env/spring.liveBeansView.mbeanDomain] not found - trying original name [spring.liveBeansView.mbeanDomain]. javax.naming.NameNotFoundException: 名称[spring.liveBeansView.mbeanDomain]未在此上下文中绑定。找不到[spring.liveBeansView.mbeanDomain]。
2021-04-07 20:13:16 [ DEBUG ] [ org.springframework.jndi.JndiTemplate ] Looking up JNDI object with name [spring.liveBeansView.mbeanDomain]
2021-04-07 20:13:16 [ DEBUG ] [ org.springframework.jndi.JndiPropertySource ] JNDI lookup for name [spring.liveBeansView.mbeanDomain] threw NamingException with message: 名称[spring.liveBeansView.mbeanDomain]未在此上下文中绑定。找不到[spring.liveBeansView.mbeanDomain]。. Returning null.
2021-04-07 20:13:16 [ INFO ] [ org.springframework.web.context.ContextLoader ] Root WebApplicationContext initialized in 5818 ms
2021-04-07 20:13:16 [ DEBUG ] [ org.springframework.web.filter.CharacterEncodingFilter ] Filter 'characterEncodingFilter' configured for use
2021-04-07 20:13:16 [ INFO ] [ org.springframework.web.servlet.DispatcherServlet ] Initializing Servlet 'dispatcherServlet'
2021-04-07 20:13:16 [ DEBUG ] [ org.springframework.jndi.JndiTemplate ] Looking up JNDI object with name [java:comp/env/spring.profiles.active]
2021-04-07 20:13:16 [ DEBUG ] [ org.springframework.jndi.JndiLocatorDelegate ] Converted JNDI name [java:comp/env/spring.profiles.active] not found - trying original name [spring.profiles.active]. javax.naming.NameNotFoundException: 名称[spring.profiles.active]未在此上下文中绑定。找不到[spring.profiles.active]。
2021-04-07 20:13:16 [ DEBUG ] [ org.springframework.jndi.JndiTemplate ] Looking up JNDI object with name [spring.profiles.active]
2021-04-07 20:13:16 [ DEBUG ] [ org.springframework.jndi.JndiPropertySource ] JNDI lookup for name [spring.profiles.active] threw NamingException with message: 名称[spring.profiles.active]未在此上下文中绑定。找不到[spring.profiles.active]。. Returning null.
2021-04-07 20:13:16 [ DEBUG ] [ org.springframework.jndi.JndiTemplate ] Looking up JNDI object with name [java:comp/env/spring.profiles.default]
2021-04-07 20:13:16 [ DEBUG ] [ org.springframework.jndi.JndiLocatorDelegate ] Converted JNDI name [java:comp/env/spring.profiles.default] not found - trying original name [spring.profiles.default]. javax.naming.NameNotFoundException: 名称[spring.profiles.default]未在此上下文中绑定。找不到[spring.profiles.default]。
2021-04-07 20:13:16 [ DEBUG ] [ org.springframework.jndi.JndiTemplate ] Looking up JNDI object with name [spring.profiles.default]
2021-04-07 20:13:16 [ DEBUG ] [ org.springframework.jndi.JndiPropertySource ] JNDI lookup for name [spring.profiles.default] threw NamingException with message: 名称[spring.profiles.default]未在此上下文中绑定。找不到[spring.profiles.default]。. Returning null.
2021-04-07 20:13:16 [ DEBUG ] [ org.springframework.web.context.support.XmlWebApplicationContext ] Refreshing WebApplicationContext for namespace 'dispatcherServlet-servlet'
2021-04-07 20:13:16 [ DEBUG ] [ org.springframework.context.annotation.ClassPathBeanDefinitionScanner ] Identified candidate component class: file [G:\Users\56440\IdeaProjects\AIDustbinServer\target\AIDustbinServer\WEB-INF\classes\com\aurora\controller\CommentController.class]
2021-04-07 20:13:16 [ DEBUG ] [ org.springframework.context.annotation.ClassPathBeanDefinitionScanner ] Identified candidate component class: file [G:\Users\56440\IdeaProjects\AIDustbinServer\target\AIDustbinServer\WEB-INF\classes\com\aurora\controller\ErrorController.class]
2021-04-07 20:13:16 [ DEBUG ] [ org.springframework.context.annotation.ClassPathBeanDefinitionScanner ] Identified candidate component class: file [G:\Users\56440\IdeaProjects\AIDustbinServer\target\AIDustbinServer\WEB-INF\classes\com\aurora\controller\MomentController.class]
2021-04-07 20:13:16 [ DEBUG ] [ org.springframework.context.annotation.ClassPathBeanDefinitionScanner ] Identified candidate component class: file [G:\Users\56440\IdeaProjects\AIDustbinServer\target\AIDustbinServer\WEB-INF\classes\com\aurora\controller\MomentImageController.class]
2021-04-07 20:13:16 [ DEBUG ] [ org.springframework.context.annotation.ClassPathBeanDefinitionScanner ] Identified candidate component class: file [G:\Users\56440\IdeaProjects\AIDustbinServer\target\AIDustbinServer\WEB-INF\classes\com\aurora\controller\MomentThumbRecordController.class]
2021-04-07 20:13:16 [ DEBUG ] [ org.springframework.context.annotation.ClassPathBeanDefinitionScanner ] Identified candidate component class: file [G:\Users\56440\IdeaProjects\AIDustbinServer\target\AIDustbinServer\WEB-INF\classes\com\aurora\controller\ProfileController.class]
2021-04-07 20:13:16 [ DEBUG ] [ org.springframework.context.annotation.ClassPathBeanDefinitionScanner ] Identified candidate component class: file [G:\Users\56440\IdeaProjects\AIDustbinServer\target\AIDustbinServer\WEB-INF\classes\com\aurora\controller\QNAController.class]
2021-04-07 20:13:16 [ DEBUG ] [ org.springframework.context.annotation.ClassPathBeanDefinitionScanner ] Identified candidate component class: file [G:\Users\56440\IdeaProjects\AIDustbinServer\target\AIDustbinServer\WEB-INF\classes\com\aurora\controller\UserController.class]
2021-04-07 20:13:16 [ DEBUG ] [ org.springframework.beans.factory.xml.XmlBeanDefinitionReader ] Loaded 30 bean definitions from class path resource [conf/spring-mvc.xml]
2021-04-07 20:13:16 [ DEBUG ] [ org.springframework.beans.factory.support.DefaultListableBeanFactory ] Creating shared instance of singleton bean 'org.springframework.context.annotation.internalConfigurationAnnotationProcessor'
2021-04-07 20:13:16 [ DEBUG ] [ org.springframework.beans.factory.support.DefaultListableBeanFactory ] Creating shared instance of singleton bean 'org.springframework.context.event.internalEventListenerProcessor'
2021-04-07 20:13:16 [ DEBUG ] [ org.springframework.beans.factory.support.DefaultListableBeanFactory ] Creating shared instance of singleton bean 'org.springframework.context.event.internalEventListenerFactory'
2021-04-07 20:13:16 [ DEBUG ] [ org.springframework.beans.factory.support.DefaultListableBeanFactory ] Creating shared instance of singleton bean 'org.springframework.context.annotation.internalAutowiredAnnotationProcessor'
2021-04-07 20:13:16 [ DEBUG ] [ org.springframework.beans.factory.support.DefaultListableBeanFactory ] Creating shared instance of singleton bean 'org.springframework.context.annotation.internalCommonAnnotationProcessor'
2021-04-07 20:13:16 [ DEBUG ] [ org.springframework.ui.context.support.UiApplicationContextUtils ] Unable to locate ThemeSource with name 'themeSource': using default [org.springframework.ui.context.support.DelegatingThemeSource@204972b]
2021-04-07 20:13:16 [ DEBUG ] [ org.springframework.beans.factory.support.DefaultListableBeanFactory ] Creating shared instance of singleton bean 'commentController'
2021-04-07 20:13:16 [ DEBUG ] [ org.springframework.beans.factory.support.DefaultListableBeanFactory ] Creating shared instance of singleton bean 'errorController'
2021-04-07 20:13:16 [ DEBUG ] [ org.springframework.beans.factory.support.DefaultListableBeanFactory ] Creating shared instance of singleton bean 'momentController'
2021-04-07 20:13:16 [ DEBUG ] [ org.springframework.beans.factory.support.DefaultListableBeanFactory ] Creating shared instance of singleton bean 'momentImageController'
2021-04-07 20:13:16 [ DEBUG ] [ org.springframework.beans.factory.support.DefaultListableBeanFactory ] Creating shared instance of singleton bean 'momentThumbRecordController'
2021-04-07 20:13:16 [ DEBUG ] [ org.springframework.beans.factory.support.DefaultListableBeanFactory ] Creating shared instance of singleton bean 'profileController'
2021-04-07 20:13:16 [ DEBUG ] [ org.springframework.beans.factory.support.DefaultListableBeanFactory ] Creating shared instance of singleton bean 'QNAController'
2021-04-07 20:13:16 [ DEBUG ] [ org.springframework.beans.factory.support.DefaultListableBeanFactory ] Creating shared instance of singleton bean 'userController'
2021-04-07 20:13:16 [ DEBUG ] [ org.springframework.beans.factory.support.DefaultListableBeanFactory ] Creating shared instance of singleton bean 'org.springframework.web.servlet.handler.MappedInterceptor#0'
2021-04-07 20:13:16 [ DEBUG ] [ org.springframework.beans.factory.support.DefaultListableBeanFactory ] Creating shared instance of singleton bean 'multipartResolver'
2021-04-07 20:13:16 [ DEBUG ] [ org.springframework.beans.factory.support.DefaultListableBeanFactory ] Creating shared instance of singleton bean 'exceptionResolver'
2021-04-07 20:13:16 [ DEBUG ] [ org.springframework.beans.factory.support.DefaultListableBeanFactory ] Creating shared instance of singleton bean 'mvcContentNegotiationManager'
2021-04-07 20:13:16 [ DEBUG ] [ org.springframework.beans.factory.support.DefaultListableBeanFactory ] Creating shared instance of singleton bean 'org.springframework.web.servlet.mvc.method.annotation.RequestMappingHandlerMapping'
2021-04-07 20:13:16 [ DEBUG ] [ org.springframework.beans.factory.support.DefaultListableBeanFactory ] Creating shared instance of singleton bean 'mvcCorsConfigurations'
2021-04-07 20:13:16 [ DEBUG ] [ org.springframework.beans.factory.support.DefaultListableBeanFactory ] Creating shared instance of singleton bean 'org.springframework.web.servlet.handler.MappedInterceptor#1'
2021-04-07 20:13:16 [ DEBUG ] [ org.springframework.beans.factory.support.DefaultListableBeanFactory ] Creating shared instance of singleton bean 'org.springframework.format.support.FormattingConversionServiceFactoryBean#0'
2021-04-07 20:13:16 [ DEBUG ] [ _org.springframework.web.servlet.HandlerMapping.Mappings ] 
	c.a.c.CommentController:
	{GET [/moment/comment]}: getComments(Integer)
	{POST [/moment/comment/delete]}: deleteComment(HttpServletRequest,Integer)
	{POST [/moment/comment]}: addComment(HttpServletRequest,Integer,Integer,String)
2021-04-07 20:13:16 [ DEBUG ] [ _org.springframework.web.servlet.HandlerMapping.Mappings ] 
	c.a.c.ErrorController:
	{ [/404]}: page404()
	{ [/500]}: page500()
	{ [/maxSizeError]}: maxSizeError()
2021-04-07 20:13:16 [ DEBUG ] [ _org.springframework.web.servlet.HandlerMapping.Mappings ] 
	c.a.c.MomentController:
	{GET [/moment]}: getMoments(HttpServletRequest)
	{POST [/moment/delete]}: deleteMoment(HttpServletRequest,Integer)
	{POST [/moment]}: addMoment(HttpServletRequest,String,MultipartFile[])
2021-04-07 20:13:16 [ DEBUG ] [ _org.springframework.web.servlet.HandlerMapping.Mappings ] 
	c.a.c.MomentImageController:
	{GET [/moment/image/{momentId}/{imageNo}]}: getImages(HttpServletResponse,Integer,Integer)
2021-04-07 20:13:16 [ DEBUG ] [ _org.springframework.web.servlet.HandlerMapping.Mappings ] 
	c.a.c.MomentThumbRecordController:
	{POST [/moment/thumb]}: thumb(HttpServletRequest,Integer)
2021-04-07 20:13:16 [ DEBUG ] [ _org.springframework.web.servlet.HandlerMapping.Mappings ] 
	c.a.c.ProfileController:
	{ [/profile/{fileName}]}: getProfile(String,HttpServletRequest,HttpServletResponse)
2021-04-07 20:13:16 [ DEBUG ] [ _org.springframework.web.servlet.HandlerMapping.Mappings ] 
	c.a.c.QNAController:
	{GET [/qna/rank]}: getRankList()
	{POST [/qna]}: judge(HttpServletRequest,Integer,String)
	{GET [/qna]}: getRandomQNA(HttpServletRequest)
2021-04-07 20:13:16 [ DEBUG ] [ _org.springframework.web.servlet.HandlerMapping.Mappings ] 
	c.a.c.UserController:
	{POST [/user/register]}: register(String,String,String)
	{POST [/user/update]}: update(HttpServletRequest,User,MultipartFile)
	{ [/user/login]}: login(HttpServletRequest)
	{POST [/user/doLogin]}: doLogin(HttpServletRequest,String,String)
2021-04-07 20:13:16 [ DEBUG ] [ org.springframework.web.servlet.mvc.method.annotation.RequestMappingHandlerMapping ] 19 mappings in 'org.springframework.web.servlet.mvc.method.annotation.RequestMappingHandlerMapping'
2021-04-07 20:13:16 [ DEBUG ] [ org.springframework.beans.factory.support.DefaultListableBeanFactory ] Creating shared instance of singleton bean 'org.springframework.web.servlet.mvc.method.annotation.RequestMappingHandlerAdapter'
2021-04-07 20:13:16 [ DEBUG ] [ org.springframework.web.servlet.mvc.method.annotation.RequestMappingHandlerAdapter ] ControllerAdvice beans: 0 @ModelAttribute, 0 @InitBinder, 1 RequestBodyAdvice, 1 ResponseBodyAdvice
2021-04-07 20:13:16 [ DEBUG ] [ org.springframework.beans.factory.support.DefaultListableBeanFactory ] Creating shared instance of singleton bean 'mvcUriComponentsContributor'
2021-04-07 20:13:16 [ DEBUG ] [ org.springframework.web.servlet.mvc.method.annotation.RequestMappingHandlerAdapter ] ControllerAdvice beans: 0 @ModelAttribute, 0 @InitBinder, 1 RequestBodyAdvice, 1 ResponseBodyAdvice
2021-04-07 20:13:16 [ DEBUG ] [ org.springframework.beans.factory.support.DefaultListableBeanFactory ] Creating shared instance of singleton bean 'org.springframework.web.servlet.mvc.method.annotation.ExceptionHandlerExceptionResolver#0'
2021-04-07 20:13:16 [ DEBUG ] [ org.springframework.web.servlet.mvc.method.annotation.ExceptionHandlerExceptionResolver ] ControllerAdvice beans: 0 @ExceptionHandler, 1 ResponseBodyAdvice
2021-04-07 20:13:16 [ DEBUG ] [ org.springframework.beans.factory.support.DefaultListableBeanFactory ] Creating shared instance of singleton bean 'org.springframework.web.servlet.mvc.annotation.ResponseStatusExceptionResolver#0'
2021-04-07 20:13:16 [ DEBUG ] [ org.springframework.beans.factory.support.DefaultListableBeanFactory ] Creating shared instance of singleton bean 'org.springframework.web.servlet.mvc.support.DefaultHandlerExceptionResolver#0'
2021-04-07 20:13:16 [ DEBUG ] [ org.springframework.beans.factory.support.DefaultListableBeanFactory ] Creating shared instance of singleton bean 'org.springframework.web.servlet.handler.BeanNameUrlHandlerMapping'
2021-04-07 20:13:16 [ DEBUG ] [ _org.springframework.web.servlet.HandlerMapping.Mappings ] 'org.springframework.web.servlet.handler.BeanNameUrlHandlerMapping' {}
2021-04-07 20:13:16 [ DEBUG ] [ org.springframework.beans.factory.support.DefaultListableBeanFactory ] Creating shared instance of singleton bean 'org.springframework.web.servlet.mvc.HttpRequestHandlerAdapter'
2021-04-07 20:13:16 [ DEBUG ] [ org.springframework.beans.factory.support.DefaultListableBeanFactory ] Creating shared instance of singleton bean 'org.springframework.web.servlet.mvc.SimpleControllerHandlerAdapter'
2021-04-07 20:13:16 [ DEBUG ] [ org.springframework.web.servlet.DispatcherServlet ] Detected CommonsMultipartResolver
2021-04-07 20:13:16 [ DEBUG ] [ org.springframework.web.servlet.DispatcherServlet ] Detected AcceptHeaderLocaleResolver
2021-04-07 20:13:16 [ DEBUG ] [ org.springframework.web.servlet.DispatcherServlet ] Detected FixedThemeResolver
2021-04-07 20:13:16 [ DEBUG ] [ org.springframework.web.servlet.DispatcherServlet ] Detected org.springframework.web.servlet.view.DefaultRequestToViewNameTranslator@4f2f66d8
2021-04-07 20:13:16 [ DEBUG ] [ org.springframework.web.servlet.DispatcherServlet ] Detected org.springframework.web.servlet.support.SessionFlashMapManager@48c5b113
2021-04-07 20:13:16 [ DEBUG ] [ org.springframework.jndi.JndiTemplate ] Looking up JNDI object with name [java:comp/env/spring.liveBeansView.mbeanDomain]
2021-04-07 20:13:16 [ DEBUG ] [ org.springframework.jndi.JndiLocatorDelegate ] Converted JNDI name [java:comp/env/spring.liveBeansView.mbeanDomain] not found - trying original name [spring.liveBeansView.mbeanDomain]. javax.naming.NameNotFoundException: 名称[spring.liveBeansView.mbeanDomain]未在此上下文中绑定。找不到[spring.liveBeansView.mbeanDomain]。
2021-04-07 20:13:16 [ DEBUG ] [ org.springframework.jndi.JndiTemplate ] Looking up JNDI object with name [spring.liveBeansView.mbeanDomain]
2021-04-07 20:13:16 [ DEBUG ] [ org.springframework.jndi.JndiPropertySource ] JNDI lookup for name [spring.liveBeansView.mbeanDomain] threw NamingException with message: 名称[spring.liveBeansView.mbeanDomain]未在此上下文中绑定。找不到[spring.liveBeansView.mbeanDomain]。. Returning null.
2021-04-07 20:13:16 [ DEBUG ] [ org.springframework.web.servlet.DispatcherServlet ] enableLoggingRequestDetails='false': request parameters and headers will be masked to prevent unsafe logging of potentially sensitive data
2021-04-07 20:13:16 [ INFO ] [ org.springframework.web.servlet.DispatcherServlet ] Completed initialization in 459 ms
2021-04-07 20:38:34 [ DEBUG ] [ org.springframework.web.context.support.XmlWebApplicationContext ] Closing WebApplicationContext for namespace 'dispatcherServlet-servlet', started on Wed Apr 07 20:13:16 CST 2021, parent: Root WebApplicationContext
